-> request: initialize {
  "processId": 99747,
  "clientInfo": {
    "name": "lem"
  },
  "rootUri": "file:///Users/enkyuan/Desktop/Projects/gather_site/",
  "capabilities": {
    "workspace": {},
    "textDocument": {
      "synchronization": {
        "didSave": true
      },
      "completion": {
        "completionItem": {
          "snippetSupport": null
        },
        "contextSupport": true
      },
      "hover": {},
      "signatureHelp": {
        "signatureInformation": {
          "documentationFormat": [
            "plaintext",
            "markdown"
          ],
          "parameterInformation": {
            "labelOffsetSupport": true
          },
          "activeParameterSupport": true
        },
        "contextSupport": true
      },
      "definition": {
        "linkSupport": null
      },
      "typeDefinition": {
        "linkSupport": null
      },
      "implementation": {
        "linkSupport": null
      },
      "references": {},
      "documentSymbol": {
        "hierarchicalDocumentSymbolSupport": true
      },
      "codeAction": {},
      "formatting": {},
      "rangeFormatting": {},
      "onTypeFormatting": {},
      "rename": {},
      "publishDiagnostics": {
        "relatedInformation": true
      }
    }
  },
  "trace": "off",
  "workspaceFolders": null
}
<- request: window/logMessage {
  "type": 3,
  "message": "Using Typescript version (workspace) 5.5.4 from path \"/Users/enkyuan/Desktop/Projects/gather_site/node_modules/typescript/lib/tsserver.js\""
}
<- response: {
  "capabilities": {
    "textDocumentSync": 2,
    "completionProvider": {
      "triggerCharacters": [
        ".",
        "\"",
        "'",
        "/",
        "@",
        "<"
      ],
      "resolveProvider": true
    },
    "codeActionProvider": true,
    "codeLensProvider": {
      "resolveProvider": true
    },
    "definitionProvider": true,
    "documentFormattingProvider": true,
    "documentRangeFormattingProvider": true,
    "documentHighlightProvider": true,
    "documentSymbolProvider": true,
    "executeCommandProvider": {
      "commands": [
        "_typescript.applyWorkspaceEdit",
        "_typescript.applyCodeAction",
        "_typescript.applyRefactoring",
        "_typescript.configurePlugin",
        "_typescript.organizeImports",
        "_typescript.applyRenameFile",
        "_typescript.goToSourceDefinition"
      ]
    },
    "hoverProvider": true,
    "inlayHintProvider": true,
    "linkedEditingRangeProvider": null,
    "renameProvider": true,
    "referencesProvider": true,
    "selectionRangeProvider": true,
    "signatureHelpProvider": {
      "triggerCharacters": [
        "(",
        ",",
        "<"
      ],
      "retriggerCharacters": [
        ")"
      ]
    },
    "workspaceSymbolProvider": true,
    "implementationProvider": true,
    "typeDefinitionProvider": true,
    "foldingRangeProvider": true,
    "semanticTokensProvider": {
      "documentSelector": null,
      "legend": {
        "tokenTypes": [
          "class",
          "enum",
          "interface",
          "namespace",
          "typeParameter",
          "type",
          "parameter",
          "variable",
          "enumMember",
          "property",
          "function",
          "member"
        ],
        "tokenModifiers": [
          "declaration",
          "static",
          "async",
          "readonly",
          "defaultLibrary",
          "local"
        ]
      },
      "full": true,
      "range": true
    },
    "workspace": {
      "fileOperations": {
        "willRename": {
          "filters": [
            {
              "scheme": "file",
              "pattern": {
                "glob": "**/*.{ts,js,jsx,tsx,mjs,mts,cjs,cts}",
                "matches": "file"
              }
            },
            {
              "scheme": "file",
              "pattern": {
                "glob": "**",
                "matches": "folder"
              }
            }
          ]
        }
      }
    }
  }
}
notify: initialized {}
notify: textDocument/didOpen {
  "textDocument": {
    "uri": "file:///Users/enkyuan/Desktop/Projects/gather_site/app/(with-navbar)/api/page.tsx",
    "languageId": "typescript",
    "version": 0,
    "text": "// TODO: implement coming soon page for our API\nimport ComingSoon from \"@/components/under_construction/coming_soon\";\n\nexport default function API() {\n    return (\n      <main className=\"flex min-h-screen flex-col items-center justify-between p-24\">\n        <ComingSoon />\n      </main>\n    );\n}"
  }
}
-> request: textDocument/documentHighlight {
  "textDocument": {
    "uri": "file:///Users/enkyuan/Desktop/Projects/gather_site/app/(with-navbar)/api/page.tsx"
  },
  "position": {
    "line": 7,
    "character": 13
  }
}
<- response: []
-> request: textDocument/documentHighlight {
  "textDocument": {
    "uri": "file:///Users/enkyuan/Desktop/Projects/gather_site/app/(with-navbar)/api/page.tsx"
  },
  "position": {
    "line": 5,
    "character": 25
  }
}
<- response: [
  {
    "kind": 2,
    "range": {
      "start": {
        "line": 5,
        "character": 23
      },
      "end": {
        "line": 5,
        "character": 83
      }
    }
  }
]
<- request: textDocument/publishDiagnostics {
  "uri": "file:///Users/enkyuan/Desktop/Projects/gather_site/app/%28with-navbar%29/api/page.tsx",
  "diagnostics": [
    {
      "range": {
        "start": {
          "line": 5,
          "character": 12
        },
        "end": {
          "line": 5,
          "character": 21
        }
      },
      "message": "'>' expected.",
      "severity": 1,
      "code": 1005,
      "source": "typescript"
    },
    {
      "range": {
        "start": {
          "line": 5,
          "character": 21
        },
        "end": {
          "line": 5,
          "character": 22
        }
      },
      "message": "')' expected.",
      "severity": 1,
      "code": 1005,
      "source": "typescript"
    },
    {
      "range": {
        "start": {
          "line": 6,
          "character": 20
        },
        "end": {
          "line": 6,
          "character": 21
        }
      },
      "message": "'>' expected.",
      "severity": 1,
      "code": 1005,
      "source": "typescript"
    },
    {
      "range": {
        "start": {
          "line": 7,
          "character": 7
        },
        "end": {
          "line": 7,
          "character": 13
        }
      },
      "message": "Unterminated regular expression literal.",
      "severity": 1,
      "code": 1161,
      "source": "typescript"
    },
    {
      "range": {
        "start": {
          "line": 8,
          "character": 4
        },
        "end": {
          "line": 8,
          "character": 5
        }
      },
      "message": "Declaration or statement expected.",
      "severity": 1,
      "code": 1128,
      "source": "typescript"
    },
    {
      "range": {
        "start": {
          "line": 5,
          "character": 7
        },
        "end": {
          "line": 5,
          "character": 11
        }
      },
      "message": "Cannot find name 'main'.",
      "severity": 1,
      "code": 2304,
      "source": "typescript"
    },
    {
      "range": {
        "start": {
          "line": 5,
          "character": 12
        },
        "end": {
          "line": 5,
          "character": 21
        }
      },
      "message": "Cannot find name 'className'.",
      "severity": 1,
      "code": 2304,
      "source": "typescript"
    },
    {
      "range": {
        "start": {
          "line": 5,
          "character": 22
        },
        "end": {
          "line": 7,
          "character": 13
        }
      },
      "message": "Operator '<' cannot be applied to types 'boolean' and 'RegExp'.",
      "severity": 1,
      "code": 2365,
      "source": "typescript"
    },
    {
      "range": {
        "start": {
          "line": 6,
          "character": 9
        },
        "end": {
          "line": 6,
          "character": 19
        }
      },
      "message": "'ComingSoon' refers to a value, but is being used as a type here. Did you mean 'typeof ComingSoon'?",
      "severity": 1,
      "code": 2749,
      "source": "typescript"
    },
    {
      "range": {
        "start": {
          "line": 1,
          "character": 0
        },
        "end": {
          "line": 1,
          "character": 69
        }
      },
      "message": "'ComingSoon' is declared but its value is never read.",
      "severity": 4,
      "code": 6133,
      "source": "typescript"
    }
  ]
}
notify: textDocument/didChange {
  "textDocument": {
    "version": 0,
    "uri": "file:///Users/enkyuan/Desktop/Projects/gather_site/app/(with-navbar)/api/page.tsx"
  },
  "contentChanges": [
    {
      "range": {
        "start": {
          "line": 5,
          "character": 25
        },
        "end": {
          "line": 5,
          "character": 25
        }
      },
      "rangeLength": 0,
      "text": "i"
    }
  ]
}
-> request: textDocument/documentHighlight {
  "textDocument": {
    "uri": "file:///Users/enkyuan/Desktop/Projects/gather_site/app/(with-navbar)/api/page.tsx"
  },
  "position": {
    "line": 5,
    "character": 26
  }
}
<- response: [
  {
    "kind": 2,
    "range": {
      "start": {
        "line": 5,
        "character": 23
      },
      "end": {
        "line": 5,
        "character": 84
      }
    }
  }
]
<- request: textDocument/publishDiagnostics {
  "uri": "file:///Users/enkyuan/Desktop/Projects/gather_site/app/%28with-navbar%29/api/page.tsx",
  "diagnostics": [
    {
      "range": {
        "start": {
          "line": 5,
          "character": 12
        },
        "end": {
          "line": 5,
          "character": 21
        }
      },
      "message": "'>' expected.",
      "severity": 1,
      "code": 1005,
      "source": "typescript"
    },
    {
      "range": {
        "start": {
          "line": 5,
          "character": 21
        },
        "end": {
          "line": 5,
          "character": 22
        }
      },
      "message": "')' expected.",
      "severity": 1,
      "code": 1005,
      "source": "typescript"
    },
    {
      "range": {
        "start": {
          "line": 6,
          "character": 20
        },
        "end": {
          "line": 6,
          "character": 21
        }
      },
      "message": "'>' expected.",
      "severity": 1,
      "code": 1005,
      "source": "typescript"
    },
    {
      "range": {
        "start": {
          "line": 7,
          "character": 7
        },
        "end": {
          "line": 7,
          "character": 13
        }
      },
      "message": "Unterminated regular expression literal.",
      "severity": 1,
      "code": 1161,
      "source": "typescript"
    },
    {
      "range": {
        "start": {
          "line": 8,
          "character": 4
        },
        "end": {
          "line": 8,
          "character": 5
        }
      },
      "message": "Declaration or statement expected.",
      "severity": 1,
      "code": 1128,
      "source": "typescript"
    },
    {
      "range": {
        "start": {
          "line": 5,
          "character": 7
        },
        "end": {
          "line": 5,
          "character": 11
        }
      },
      "message": "Cannot find name 'main'.",
      "severity": 1,
      "code": 2304,
      "source": "typescript"
    },
    {
      "range": {
        "start": {
          "line": 5,
          "character": 12
        },
        "end": {
          "line": 5,
          "character": 21
        }
      },
      "message": "Cannot find name 'className'.",
      "severity": 1,
      "code": 2304,
      "source": "typescript"
    },
    {
      "range": {
        "start": {
          "line": 5,
          "character": 22
        },
        "end": {
          "line": 7,
          "character": 13
        }
      },
      "message": "Operator '<' cannot be applied to types 'boolean' and 'RegExp'.",
      "severity": 1,
      "code": 2365,
      "source": "typescript"
    },
    {
      "range": {
        "start": {
          "line": 6,
          "character": 9
        },
        "end": {
          "line": 6,
          "character": 19
        }
      },
      "message": "'ComingSoon' refers to a value, but is being used as a type here. Did you mean 'typeof ComingSoon'?",
      "severity": 1,
      "code": 2749,
      "source": "typescript"
    },
    {
      "range": {
        "start": {
          "line": 1,
          "character": 0
        },
        "end": {
          "line": 1,
          "character": 69
        }
      },
      "message": "'ComingSoon' is declared but its value is never read.",
      "severity": 4,
      "code": 6133,
      "source": "typescript"
    }
  ]
}
notify: textDocument/didChange {
  "textDocument": {
    "version": 1,
    "uri": "file:///Users/enkyuan/Desktop/Projects/gather_site/app/(with-navbar)/api/page.tsx"
  },
  "contentChanges": [
    {
      "range": {
        "start": {
          "line": 5,
          "character": 25
        },
        "end": {
          "line": 5,
          "character": 26
        }
      },
      "rangeLength": 1,
      "text": ""
    }
  ]
}
<- request: textDocument/publishDiagnostics {
  "uri": "file:///Users/enkyuan/Desktop/Projects/gather_site/app/%28with-navbar%29/api/page.tsx",
  "diagnostics": [
    {
      "range": {
        "start": {
          "line": 5,
          "character": 12
        },
        "end": {
          "line": 5,
          "character": 21
        }
      },
      "message": "'>' expected.",
      "severity": 1,
      "code": 1005,
      "source": "typescript"
    },
    {
      "range": {
        "start": {
          "line": 5,
          "character": 21
        },
        "end": {
          "line": 5,
          "character": 22
        }
      },
      "message": "')' expected.",
      "severity": 1,
      "code": 1005,
      "source": "typescript"
    },
    {
      "range": {
        "start": {
          "line": 6,
          "character": 20
        },
        "end": {
          "line": 6,
          "character": 21
        }
      },
      "message": "'>' expected.",
      "severity": 1,
      "code": 1005,
      "source": "typescript"
    },
    {
      "range": {
        "start": {
          "line": 7,
          "character": 7
        },
        "end": {
          "line": 7,
          "character": 13
        }
      },
      "message": "Unterminated regular expression literal.",
      "severity": 1,
      "code": 1161,
      "source": "typescript"
    },
    {
      "range": {
        "start": {
          "line": 8,
          "character": 4
        },
        "end": {
          "line": 8,
          "character": 5
        }
      },
      "message": "Declaration or statement expected.",
      "severity": 1,
      "code": 1128,
      "source": "typescript"
    },
    {
      "range": {
        "start": {
          "line": 5,
          "character": 7
        },
        "end": {
          "line": 5,
          "character": 11
        }
      },
      "message": "Cannot find name 'main'.",
      "severity": 1,
      "code": 2304,
      "source": "typescript"
    },
    {
      "range": {
        "start": {
          "line": 5,
          "character": 12
        },
        "end": {
          "line": 5,
          "character": 21
        }
      },
      "message": "Cannot find name 'className'.",
      "severity": 1,
      "code": 2304,
      "source": "typescript"
    },
    {
      "range": {
        "start": {
          "line": 5,
          "character": 22
        },
        "end": {
          "line": 7,
          "character": 13
        }
      },
      "message": "Operator '<' cannot be applied to types 'boolean' and 'RegExp'.",
      "severity": 1,
      "code": 2365,
      "source": "typescript"
    },
    {
      "range": {
        "start": {
          "line": 6,
          "character": 9
        },
        "end": {
          "line": 6,
          "character": 19
        }
      },
      "message": "'ComingSoon' refers to a value, but is being used as a type here. Did you mean 'typeof ComingSoon'?",
      "severity": 1,
      "code": 2749,
      "source": "typescript"
    },
    {
      "range": {
        "start": {
          "line": 1,
          "character": 0
        },
        "end": {
          "line": 1,
          "character": 69
        }
      },
      "message": "'ComingSoon' is declared but its value is never read.",
      "severity": 4,
      "code": 6133,
      "source": "typescript"
    }
  ]
}
-> request: textDocument/documentHighlight {
  "textDocument": {
    "uri": "file:///Users/enkyuan/Desktop/Projects/gather_site/app/(with-navbar)/api/page.tsx"
  },
  "position": {
    "line": 5,
    "character": 25
  }
}
<- response: [
  {
    "kind": 2,
    "range": {
      "start": {
        "line": 5,
        "character": 23
      },
      "end": {
        "line": 5,
        "character": 83
      }
    }
  }
]
notify: textDocument/didChange {
  "textDocument": {
    "version": 2,
    "uri": "file:///Users/enkyuan/Desktop/Projects/gather_site/app/(with-navbar)/api/page.tsx"
  },
  "contentChanges": [
    {
      "range": {
        "start": {
          "line": 5,
          "character": 25
        },
        "end": {
          "line": 5,
          "character": 25
        }
      },
      "rangeLength": 0,
      "text": ":"
    }
  ]
}
-> request: textDocument/documentHighlight {
  "textDocument": {
    "uri": "file:///Users/enkyuan/Desktop/Projects/gather_site/app/(with-navbar)/api/page.tsx"
  },
  "position": {
    "line": 5,
    "character": 26
  }
}
<- response: [
  {
    "kind": 2,
    "range": {
      "start": {
        "line": 5,
        "character": 23
      },
      "end": {
        "line": 5,
        "character": 84
      }
    }
  }
]
<- request: textDocument/publishDiagnostics {
  "uri": "file:///Users/enkyuan/Desktop/Projects/gather_site/app/%28with-navbar%29/api/page.tsx",
  "diagnostics": [
    {
      "range": {
        "start": {
          "line": 5,
          "character": 12
        },
        "end": {
          "line": 5,
          "character": 21
        }
      },
      "message": "'>' expected.",
      "severity": 1,
      "code": 1005,
      "source": "typescript"
    },
    {
      "range": {
        "start": {
          "line": 5,
          "character": 21
        },
        "end": {
          "line": 5,
          "character": 22
        }
      },
      "message": "')' expected.",
      "severity": 1,
      "code": 1005,
      "source": "typescript"
    },
    {
      "range": {
        "start": {
          "line": 6,
          "character": 20
        },
        "end": {
          "line": 6,
          "character": 21
        }
      },
      "message": "'>' expected.",
      "severity": 1,
      "code": 1005,
      "source": "typescript"
    },
    {
      "range": {
        "start": {
          "line": 7,
          "character": 7
        },
        "end": {
          "line": 7,
          "character": 13
        }
      },
      "message": "Unterminated regular expression literal.",
      "severity": 1,
      "code": 1161,
      "source": "typescript"
    },
    {
      "range": {
        "start": {
          "line": 8,
          "character": 4
        },
        "end": {
          "line": 8,
          "character": 5
        }
      },
      "message": "Declaration or statement expected.",
      "severity": 1,
      "code": 1128,
      "source": "typescript"
    },
    {
      "range": {
        "start": {
          "line": 5,
          "character": 7
        },
        "end": {
          "line": 5,
          "character": 11
        }
      },
      "message": "Cannot find name 'main'.",
      "severity": 1,
      "code": 2304,
      "source": "typescript"
    },
    {
      "range": {
        "start": {
          "line": 5,
          "character": 12
        },
        "end": {
          "line": 5,
          "character": 21
        }
      },
      "message": "Cannot find name 'className'.",
      "severity": 1,
      "code": 2304,
      "source": "typescript"
    },
    {
      "range": {
        "start": {
          "line": 5,
          "character": 22
        },
        "end": {
          "line": 7,
          "character": 13
        }
      },
      "message": "Operator '<' cannot be applied to types 'boolean' and 'RegExp'.",
      "severity": 1,
      "code": 2365,
      "source": "typescript"
    },
    {
      "range": {
        "start": {
          "line": 6,
          "character": 9
        },
        "end": {
          "line": 6,
          "character": 19
        }
      },
      "message": "'ComingSoon' refers to a value, but is being used as a type here. Did you mean 'typeof ComingSoon'?",
      "severity": 1,
      "code": 2749,
      "source": "typescript"
    },
    {
      "range": {
        "start": {
          "line": 1,
          "character": 0
        },
        "end": {
          "line": 1,
          "character": 69
        }
      },
      "message": "'ComingSoon' is declared but its value is never read.",
      "severity": 4,
      "code": 6133,
      "source": "typescript"
    }
  ]
}
notify: textDocument/didChange {
  "textDocument": {
    "version": 3,
    "uri": "file:///Users/enkyuan/Desktop/Projects/gather_site/app/(with-navbar)/api/page.tsx"
  },
  "contentChanges": [
    {
      "range": {
        "start": {
          "line": 5,
          "character": 25
        },
        "end": {
          "line": 5,
          "character": 26
        }
      },
      "rangeLength": 1,
      "text": ""
    }
  ]
}
<- request: textDocument/publishDiagnostics {
  "uri": "file:///Users/enkyuan/Desktop/Projects/gather_site/app/%28with-navbar%29/api/page.tsx",
  "diagnostics": [
    {
      "range": {
        "start": {
          "line": 5,
          "character": 12
        },
        "end": {
          "line": 5,
          "character": 21
        }
      },
      "message": "'>' expected.",
      "severity": 1,
      "code": 1005,
      "source": "typescript"
    },
    {
      "range": {
        "start": {
          "line": 5,
          "character": 21
        },
        "end": {
          "line": 5,
          "character": 22
        }
      },
      "message": "')' expected.",
      "severity": 1,
      "code": 1005,
      "source": "typescript"
    },
    {
      "range": {
        "start": {
          "line": 6,
          "character": 20
        },
        "end": {
          "line": 6,
          "character": 21
        }
      },
      "message": "'>' expected.",
      "severity": 1,
      "code": 1005,
      "source": "typescript"
    },
    {
      "range": {
        "start": {
          "line": 7,
          "character": 7
        },
        "end": {
          "line": 7,
          "character": 13
        }
      },
      "message": "Unterminated regular expression literal.",
      "severity": 1,
      "code": 1161,
      "source": "typescript"
    },
    {
      "range": {
        "start": {
          "line": 8,
          "character": 4
        },
        "end": {
          "line": 8,
          "character": 5
        }
      },
      "message": "Declaration or statement expected.",
      "severity": 1,
      "code": 1128,
      "source": "typescript"
    },
    {
      "range": {
        "start": {
          "line": 5,
          "character": 7
        },
        "end": {
          "line": 5,
          "character": 11
        }
      },
      "message": "Cannot find name 'main'.",
      "severity": 1,
      "code": 2304,
      "source": "typescript"
    },
    {
      "range": {
        "start": {
          "line": 5,
          "character": 12
        },
        "end": {
          "line": 5,
          "character": 21
        }
      },
      "message": "Cannot find name 'className'.",
      "severity": 1,
      "code": 2304,
      "source": "typescript"
    },
    {
      "range": {
        "start": {
          "line": 5,
          "character": 22
        },
        "end": {
          "line": 7,
          "character": 13
        }
      },
      "message": "Operator '<' cannot be applied to types 'boolean' and 'RegExp'.",
      "severity": 1,
      "code": 2365,
      "source": "typescript"
    },
    {
      "range": {
        "start": {
          "line": 6,
          "character": 9
        },
        "end": {
          "line": 6,
          "character": 19
        }
      },
      "message": "'ComingSoon' refers to a value, but is being used as a type here. Did you mean 'typeof ComingSoon'?",
      "severity": 1,
      "code": 2749,
      "source": "typescript"
    },
    {
      "range": {
        "start": {
          "line": 1,
          "character": 0
        },
        "end": {
          "line": 1,
          "character": 69
        }
      },
      "message": "'ComingSoon' is declared but its value is never read.",
      "severity": 4,
      "code": 6133,
      "source": "typescript"
    }
  ]
}
-> request: textDocument/documentHighlight {
  "textDocument": {
    "uri": "file:///Users/enkyuan/Desktop/Projects/gather_site/app/(with-navbar)/api/page.tsx"
  },
  "position": {
    "line": 3,
    "character": 27
  }
}
<- response: [
  {
    "kind": 2,
    "range": {
      "start": {
        "line": 3,
        "character": 24
      },
      "end": {
        "line": 3,
        "character": 27
      }
    }
  }
]
